<?xml version="1.0" encoding="UTF-8"?>
<!-- Generated by org.testng.reporters.JUnitReportReporter -->
<testsuite hostname="Navjot_SW" failures="0" tests="1" name="APITest.CookiesTest" time="1.762" errors="0" timestamp="2024-06-21T01:29:59 GMT-04:00" skipped="0">
  <testcase classname="APITest.CookiesTest" name="getSetofCookies" time="1.762"/>
  <system-out/>
</testsuite> <!-- APITest.CookiesTest -->
