<?xml version="1.0" encoding="UTF-8"?>
<!-- Generated by org.testng.reporters.JUnitReportReporter -->
<testsuite hostname="Navjot_SW" failures="0" tests="1" name="httpMethods.POSTRequest" time="2.396" errors="0" timestamp="2024-06-18T22:25:22 GMT-04:00" skipped="0">
  <testcase classname="httpMethods.POSTRequest" name="post_POJO" time="2.396"/>
  <system-out/>
</testsuite> <!-- httpMethods.POSTRequest -->
