<?xml version="1.0" encoding="UTF-8"?>
<!-- Generated by org.testng.reporters.JUnitReportReporter -->
<testsuite hostname="Navjot_SW" failures="0" tests="1" name="httpMethods.APIAssignment" time="2.606" errors="0" timestamp="2024-06-25T19:49:46 GMT-04:00" skipped="0">
  <testcase classname="httpMethods.APIAssignment" name="OAuth2Auth" time="2.606"/>
  <system-out/>
</testsuite> <!-- httpMethods.APIAssignment -->
