<?xml version="1.0" encoding="UTF-8"?>
<!-- Generated by org.testng.reporters.JUnitReportReporter -->
<testsuite hostname="Navjot_SW" failures="0" tests="1" name="httpMethods.Update_DeleteUser" time="1.597" errors="0" timestamp="2024-06-18T22:38:28 GMT-04:00" skipped="0">
  <testcase classname="httpMethods.Update_DeleteUser" name="DELETERequest" time="1.597"/>
  <system-out/>
</testsuite> <!-- httpMethods.Update_DeleteUser -->
