<?xml version="1.0" encoding="UTF-8"?>
<!-- Generated by org.testng.reporters.JUnitReportReporter -->
<testsuite hostname="Navjot_SW" failures="0" tests="2" name="httpMethods.GetRequest_LatestWay" time="1.733" errors="0" timestamp="2024-06-18T00:13:18 GMT-04:00" skipped="0">
  <testcase classname="httpMethods.GetRequest_LatestWay" name="SingleUserRequest" time="1.619"/>
  <system-out/>
  <testcase classname="httpMethods.GetRequest_LatestWay" name="ListOfUsers" time="0.114"/>
  <system-out/>
</testsuite> <!-- httpMethods.GetRequest_LatestWay -->
