<?xml version="1.0" encoding="UTF-8"?>
<!-- Generated by org.testng.reporters.JUnitReportReporter -->
<testsuite hostname="Navjot_SW" failures="0" tests="1" name="httpMethods.POSTRequest" time="1.997" errors="0" timestamp="2024-06-18T00:47:24 GMT-04:00" skipped="0">
  <testcase classname="httpMethods.POSTRequest" name="PostWithHashMap" time="1.997"/>
  <system-out/>
</testsuite> <!-- httpMethods.POSTRequest -->
