<?xml version="1.0" encoding="UTF-8"?>
<!-- Generated by org.testng.reporters.JUnitReportReporter -->
<testsuite hostname="Navjot_SW" failures="0" tests="1" name="APITest.AuthenticationTypes" time="2.367" errors="0" timestamp="2024-06-22T12:56:56 GMT-04:00" skipped="0">
  <testcase classname="APITest.AuthenticationTypes" name="OAuth2Auth" time="2.367"/>
  <system-out/>
</testsuite> <!-- APITest.AuthenticationTypes -->
