<?xml version="1.0" encoding="UTF-8"?>
<!-- Generated by org.testng.reporters.JUnitReportReporter -->
<testsuite hostname="Navjot_SW" failures="0" tests="1" name="httpMethods.Draff" time="1.573" errors="0" timestamp="2024-06-25T19:24:06 GMT-04:00" skipped="0">
  <testcase classname="httpMethods.Draff" name="ListOfUsers" time="1.573"/>
  <system-out/>
</testsuite> <!-- httpMethods.Draff -->
