<?xml version="1.0" encoding="UTF-8"?>
<!-- Generated by org.testng.reporters.JUnitReportReporter -->
<testsuite hostname="Navjot_SW" failures="0" tests="3" name="httpMethods.SameUserCreate_Update_Delete" time="2.979" errors="0" timestamp="2024-06-18T23:19:34 GMT-04:00" skipped="0">
  <testcase classname="httpMethods.SameUserCreate_Update_Delete" name="CreateNewUser" time="2.216"/>
  <system-out/>
  <testcase classname="httpMethods.SameUserCreate_Update_Delete" name="updateSameUser" time="0.442"/>
  <system-out/>
  <testcase classname="httpMethods.SameUserCreate_Update_Delete" name="DeleteSameUser" time="0.321"/>
  <system-out/>
</testsuite> <!-- httpMethods.SameUserCreate_Update_Delete -->
