<?xml version="1.0" encoding="UTF-8"?>
<!-- Generated by org.testng.reporters.JUnitReportReporter -->
<testsuite hostname="Navjot_SW" failures="0" tests="1" name="APITest.Serialization_Deserialization" time="0.216" errors="0" timestamp="2024-06-21T02:06:51 GMT-04:00" skipped="0">
  <testcase classname="APITest.Serialization_Deserialization" name="DeSerialization" time="0.216"/>
  <system-out/>
</testsuite> <!-- APITest.Serialization_Deserialization -->
