<?xml version="1.0" encoding="UTF-8"?>
<!-- Generated by org.testng.reporters.JUnitReportReporter -->
<testsuite hostname="Navjot_SW" failures="0" tests="1" name="httpMethods.GetRequest_OlderWay" time="1.567" errors="0" timestamp="2024-06-17T23:29:57 GMT-04:00" skipped="0">
  <testcase classname="httpMethods.GetRequest_OlderWay" name="SingleUserGetRequest" time="1.567"/>
  <system-out/>
</testsuite> <!-- httpMethods.GetRequest_OlderWay -->
