<?xml version="1.0" encoding="UTF-8"?>
<!-- Generated by org.testng.reporters.JUnitReportReporter -->
<testsuite hostname="Navjot_SW" failures="0" tests="1" name="APITest.HeadersTest" time="1.631" errors="0" timestamp="2024-06-21T01:49:22 GMT-04:00" skipped="0">
  <testcase classname="APITest.HeadersTest" name="TestHeaders" time="1.631"/>
  <system-out/>
</testsuite> <!-- APITest.HeadersTest -->
