<?xml version="1.0" encoding="UTF-8"?>
<!-- Generated by org.testng.reporters.JUnitReportReporter -->
<testsuite hostname="Navjot_SW" failures="0" tests="1" name="httpMethods.QueryPathParameterTest" time="1.565" errors="0" timestamp="2024-06-21T00:56:56 GMT-04:00" skipped="0">
  <testcase classname="httpMethods.QueryPathParameterTest" name="queryPathParam" time="1.565"/>
  <system-out/>
</testsuite> <!-- httpMethods.QueryPathParameterTest -->
