<?xml version="1.0" encoding="UTF-8"?>
<!-- Generated by org.testng.reporters.JUnitReportReporter -->
<testsuite hostname="Navjot_SW" failures="0" tests="2" name="httpMethods.GetRequest_LatestWay" time="2.369" errors="0" timestamp="2024-06-18T12:32:30 GMT-04:00" skipped="0">
  <testcase classname="httpMethods.GetRequest_LatestWay" name="SingleUserRequest" time="2.119"/>
  <system-out/>
  <testcase classname="httpMethods.GetRequest_LatestWay" name="ListOfUsers" time="0.250"/>
  <system-out/>
</testsuite> <!-- httpMethods.GetRequest_LatestWay -->
